{"logTime": "0718/050430", "correlationVector":"zJSFCJwG8OeJF9gWlLJRnY.0","action":"FeedSettingFetch_homeCloud", "result":"0", "context":{}}
{"logTime": "0718/050430", "correlationVector":"nhH8A49K8cVF0Pi5MKIMP1.1","action":"SyncServerConnectionManagerRequest", "result":"SYNC_SERVER_OK", "context":{"environment":"Prod_NorthEurope_000h", "migrationStage":"NotStarted", "server":"general0100000H"}}
{"logTime": "0718/050430", "correlationVector":"nhH8A49K8cVF0Pi5MKIMP1","action":"Initial GetUpdates", "result":"", "context":Reason: NEW_CLIENT. cV=nhH8A49K8cVF0Pi5MKIMP1}
{"logTime": "0718/050430", "correlationVector":"nhH8A49K8cVF0Pi5MKIMP1.2","action":"GetUpdates Response", "result":"SYNCER_OK", "context":Received 1 update(s). cV=nhH8A49K8cVF0Pi5MKIMP1.0;server=general0100000H;cloudType=Consumer;environment=Prod_NorthEurope_000h;migrationStage=NotStarted}
{"logTime": "0718/050439", "correlationVector":"G8I3bb5bst6nHmG8A1p4Up","action":"SyncServerConnectionManagerRequest", "result":"SYNC_SERVER_OK", "context":{"environment":"", "migrationStage":"", "server":""}}
{"logTime": "0718/050439", "correlationVector":"fd5V9mCJwEvBsj4ZqO5CDm","action":"Initial GetUpdates", "result":"", "context":Reason: NEW_CLIENT. cV=fd5V9mCJwEvBsj4ZqO5CDm}
{"logTime": "0718/050439", "correlationVector":"fd5V9mCJwEvBsj4ZqO5CDm.1","action":"SyncServerConnectionManagerRequest", "result":"SYNC_SERVER_OK", "context":{"environment":"Prod_WestEurope_000l", "migrationStage":"NotStarted", "server":"GENERAL0100000V"}}
{"logTime": "0718/050439", "correlationVector":"fd5V9mCJwEvBsj4ZqO5CDm.2","action":"GetUpdates Response", "result":"SYNCER_OK", "context":Received 1 update(s). cV=fd5V9mCJwEvBsj4ZqO5CDm.0;server=GENERAL0100000V;cloudType=Consumer;environment=Prod_WestEurope_000l;migrationStage=NotStarted}
{"logTime": "0718/050439", "correlationVector":"MJN/sC/8A5ad0n+3sIoYHW","action":"Normal GetUpdate request", "result":"", "context":cV=MJN/sC/8A5ad0n+3sIoYHW
Nudged types: Device Info, User Consents
Refresh requested types: Device Info, User Consents, Send Tab To Self, Encryption Keys}
{"logTime": "0718/050440", "correlationVector":"MJN/sC/8A5ad0n+3sIoYHW.1","action":"SyncServerConnectionManagerRequest", "result":"SYNC_SERVER_OK", "context":{"environment":"Prod_WestEurope_000l", "migrationStage":"NotStarted", "server":"general01000004"}}
{"logTime": "0718/050440", "correlationVector":"MJN/sC/8A5ad0n+3sIoYHW.2","action":"GetUpdates Response", "result":"SYNCER_OK", "context":Received 0 update(s). cV=MJN/sC/8A5ad0n+3sIoYHW.0;server=general01000004;cloudType=Consumer;environment=Prod_WestEurope_000l;migrationStage=NotStarted}
{"logTime": "0718/050440", "correlationVector":"I7FxPpWUjJ6GDEVZY3IwWj","action":"Commit Request", "result":"", "context":Item count: 1
Contributing types: Device Info}
{"logTime": "0718/050440", "correlationVector":"I7FxPpWUjJ6GDEVZY3IwWj.1","action":"SyncServerConnectionManagerRequest", "result":"SYNC_SERVER_OK", "context":{"environment":"Prod_WestEurope_000l", "migrationStage":"NotStarted", "server":"general0100000X"}}
{"logTime": "0718/050440", "correlationVector":"I7FxPpWUjJ6GDEVZY3IwWj.2","action":"Commit Response", "result":"SYNCER_OK", "context":Result: SYNCER_OK. cV=I7FxPpWUjJ6GDEVZY3IwWj.0;server=general0100000X;cloudType=Consumer;environment=Prod_WestEurope_000l;migrationStage=NotStarted}
{"logTime": "0718/050440", "correlationVector":"P97jW9cTHGS9P/QkfmYdFV","action":"Commit Request", "result":"", "context":Item count: 2
Contributing types: User Consents}
{"logTime": "0718/050440", "correlationVector":"P97jW9cTHGS9P/QkfmYdFV.1","action":"SyncServerConnectionManagerRequest", "result":"SYNC_SERVER_OK", "context":{"environment":"Prod_WestEurope_000l", "migrationStage":"NotStarted", "server":"GENERAL01000022"}}
{"logTime": "0718/050440", "correlationVector":"P97jW9cTHGS9P/QkfmYdFV.2","action":"Commit Response", "result":"SYNCER_OK", "context":Result: SYNCER_OK. cV=P97jW9cTHGS9P/QkfmYdFV.0;server=GENERAL01000022;cloudType=Consumer;environment=Prod_WestEurope_000l;migrationStage=NotStarted}
{"logTime": "0718/050738", "correlationVector":"Vf7cK/E7/NPo0a9suqC77W.0","action":"FeedSettingFetch_homeCloud", "result":"0", "context":{}}
{"logTime": "0718/050738", "correlationVector":"aujiz4PaaIogta98LjxXZ+.1","action":"SyncServerConnectionManagerRequest", "result":"SYNC_SERVER_OK", "context":{"environment":"Prod_WestEurope_x00e", "migrationStage":"NotStarted", "server":"GENERAL0100001F"}}
{"logTime": "0718/050738", "correlationVector":"aujiz4PaaIogta98LjxXZ+","action":"Initial GetUpdates", "result":"", "context":Reason: NEW_CLIENT. cV=aujiz4PaaIogta98LjxXZ+}
{"logTime": "0718/050738", "correlationVector":"aujiz4PaaIogta98LjxXZ+.2","action":"GetUpdates Response", "result":"SYNCER_OK", "context":Received 1 update(s). cV=aujiz4PaaIogta98LjxXZ+.0;server=GENERAL0100001F;cloudType=Consumer;environment=Prod_WestEurope_x00e;migrationStage=NotStarted}
{"logTime": "0718/050738", "correlationVector":"FbIYpmNo6+3kkX9IBPX4UJ","action":"SyncServerConnectionManagerRequest", "result":"SYNC_SERVER_OK", "context":{"environment":"", "migrationStage":"", "server":""}}
{"logTime": "0718/050738", "correlationVector":"YBlUbi32BImV5vEGLoOc9T","action":"Normal GetUpdate request", "result":"", "context":cV=YBlUbi32BImV5vEGLoOc9T
Nudged types: User Consents
Refresh requested types: Device Info, User Consents, Send Tab To Self, Encryption Keys}
{"logTime": "0718/050738", "correlationVector":"YBlUbi32BImV5vEGLoOc9T.1","action":"SyncServerConnectionManagerRequest", "result":"SYNC_SERVER_OK", "context":{"environment":"Prod_WestEurope_x00e", "migrationStage":"NotStarted", "server":"GENERAL0100002L"}}
{"logTime": "0718/050738", "correlationVector":"YBlUbi32BImV5vEGLoOc9T.2","action":"GetUpdates Response", "result":"SYNCER_OK", "context":Received 1 update(s). cV=YBlUbi32BImV5vEGLoOc9T.0;server=GENERAL0100002L;cloudType=Consumer;environment=Prod_WestEurope_x00e;migrationStage=NotStarted}
{"logTime": "0718/050738", "correlationVector":"DBxWwnrXJGAw6v1jvGGkpq","action":"Commit Request", "result":"", "context":Item count: 1
Contributing types: User Consents}
{"logTime": "0718/050738", "correlationVector":"DBxWwnrXJGAw6v1jvGGkpq.1","action":"SyncServerConnectionManagerRequest", "result":"SYNC_SERVER_OK", "context":{"environment":"Prod_WestEurope_x00e", "migrationStage":"NotStarted", "server":"GENERAL0100000V"}}
{"logTime": "0718/050738", "correlationVector":"DBxWwnrXJGAw6v1jvGGkpq.2","action":"Commit Response", "result":"SYNCER_OK", "context":Result: SYNCER_OK. cV=DBxWwnrXJGAw6v1jvGGkpq.0;server=GENERAL0100000V;cloudType=Consumer;environment=Prod_WestEurope_x00e;migrationStage=NotStarted}
{"logTime": "0718/050738", "correlationVector":"Ks8Lndf9ESaTx+mlwQmL/y","action":"Normal GetUpdate request", "result":"", "context":cV=Ks8Lndf9ESaTx+mlwQmL/y
Refresh requested types: Device Info, User Consents, Send Tab To Self, Encryption Keys}
{"logTime": "0718/050738", "correlationVector":"Ks8Lndf9ESaTx+mlwQmL/y.1","action":"SyncServerConnectionManagerRequest", "result":"SYNC_SERVER_OK", "context":{"environment":"Prod_WestEurope_x00e", "migrationStage":"NotStarted", "server":"GENERAL0100000V"}}
{"logTime": "0718/050738", "correlationVector":"Ks8Lndf9ESaTx+mlwQmL/y.2","action":"GetUpdates Response", "result":"SYNCER_OK", "context":Received 0 update(s). cV=Ks8Lndf9ESaTx+mlwQmL/y.0;server=GENERAL0100000V;cloudType=Consumer;environment=Prod_WestEurope_x00e;migrationStage=NotStarted}
{"logTime": "0718/050738", "correlationVector":"3NYObcLbFxcG9sGPz9CyDq","action":"Initial GetUpdates", "result":"", "context":Reason: RECONFIGURATION. cV=3NYObcLbFxcG9sGPz9CyDq}
{"logTime": "0718/050738", "correlationVector":"3NYObcLbFxcG9sGPz9CyDq.1","action":"SyncServerConnectionManagerRequest", "result":"SYNC_SERVER_OK", "context":{"environment":"Prod_WestEurope_x00e", "migrationStage":"NotStarted", "server":"GENERAL0100002D"}}
{"logTime": "0718/050738", "correlationVector":"3NYObcLbFxcG9sGPz9CyDq.2","action":"GetUpdates Response", "result":"SYNCER_OK", "context":Received 43 update(s). cV=3NYObcLbFxcG9sGPz9CyDq.0;server=GENERAL0100002D;cloudType=Consumer;environment=Prod_WestEurope_x00e;migrationStage=NotStarted}
{"logTime": "0718/050738", "correlationVector":"2p24xWjnuyIAJ8Mxsw3khr","action":"Initial GetUpdates", "result":"", "context":Reason: RECONFIGURATION. cV=2p24xWjnuyIAJ8Mxsw3khr}
{"logTime": "0718/050738", "correlationVector":"2p24xWjnuyIAJ8Mxsw3khr.1","action":"SyncServerConnectionManagerRequest", "result":"SYNC_SERVER_OK", "context":{"environment":"Prod_WestEurope_x00e", "migrationStage":"NotStarted", "server":"GENERAL0100001D"}}
{"logTime": "0718/050738", "correlationVector":"2p24xWjnuyIAJ8Mxsw3khr.2","action":"GetUpdates Response", "result":"SYNCER_OK", "context":Received 94 update(s). cV=2p24xWjnuyIAJ8Mxsw3khr.0;server=GENERAL0100001D;cloudType=Consumer;environment=Prod_WestEurope_x00e;migrationStage=NotStarted}
{"logTime": "0718/050738", "correlationVector":"TCY7i6e3e1Qv6nhB4wi3yU","action":"Initial GetUpdates", "result":"", "context":Reason: RECONFIGURATION. cV=TCY7i6e3e1Qv6nhB4wi3yU}
{"logTime": "0718/050739", "correlationVector":"TCY7i6e3e1Qv6nhB4wi3yU.1","action":"SyncServerConnectionManagerRequest", "result":"SYNC_SERVER_OK", "context":{"environment":"Prod_WestEurope_x00e", "migrationStage":"NotStarted", "server":"GENERAL0100002Q"}}
{"logTime": "0718/050739", "correlationVector":"TCY7i6e3e1Qv6nhB4wi3yU.2","action":"GetUpdates", "result":"DeleteReceived", "context":{"id":"b265da13-5e70-43e8-a860-6d8445356ede", "isDeleted:":"true", "version":"1688925871728"}}
{"logTime": "0718/050739", "correlationVector":"TCY7i6e3e1Qv6nhB4wi3yU.3","action":"GetUpdates", "result":"DeleteReceived", "context":{"id":"75797e63-47b1-45d2-8cb8-8c1c78026c47", "isDeleted:":"true", "version":"1682060768993"}}
{"logTime": "0718/050739", "correlationVector":"TCY7i6e3e1Qv6nhB4wi3yU.4","action":"GetUpdates", "result":"DeleteReceived", "context":{"id":"1324a0e3-b393-4f21-ad1c-15b36b1cab86", "isDeleted:":"true", "version":"1682061123408"}}
{"logTime": "0718/050739", "correlationVector":"TCY7i6e3e1Qv6nhB4wi3yU.5","action":"GetUpdates", "result":"DeleteReceived", "context":{"id":"2dcef947-85be-46b1-bf5e-2b2f474e7282", "isDeleted:":"true", "version":"1683060857835"}}
{"logTime": "0718/050739", "correlationVector":"TCY7i6e3e1Qv6nhB4wi3yU.6","action":"GetUpdates", "result":"DeleteReceived", "context":{"id":"4dbdc6da-45ab-49d6-aa91-81e98ffa48de", "isDeleted:":"true", "version":"1683060857836"}}
{"logTime": "0718/050739", "correlationVector":"TCY7i6e3e1Qv6nhB4wi3yU.7","action":"GetUpdates", "result":"DeleteReceived", "context":{"id":"bda71411-4932-464a-a7fe-359da7693bba", "isDeleted:":"true", "version":"1683060857838"}}
{"logTime": "0718/050739", "correlationVector":"TCY7i6e3e1Qv6nhB4wi3yU.8","action":"GetUpdates", "result":"DeleteReceived", "context":{"id":"fc4713a7-748b-40f2-9003-e9db212b223c", "isDeleted:":"true", "version":"1683060857840"}}
{"logTime": "0718/050739", "correlationVector":"TCY7i6e3e1Qv6nhB4wi3yU.9","action":"GetUpdates", "result":"DeleteReceived", "context":{"id":"0a886d0b-5e71-4e57-b06b-29d0acb55778", "isDeleted:":"true", "version":"1683068995192"}}
{"logTime": "0718/050739", "correlationVector":"TCY7i6e3e1Qv6nhB4wi3yU.10","action":"GetUpdates", "result":"DeleteReceived", "context":{"id":"a3403e67-566f-49eb-9c2e-c4c585454aa2", "isDeleted:":"true", "version":"1683233611602"}}
{"logTime": "0718/050739", "correlationVector":"TCY7i6e3e1Qv6nhB4wi3yU.11","action":"GetUpdates", "result":"DeleteReceived", "context":{"id":"e6d94635-744e-42ba-963a-f72065be9171", "isDeleted:":"true", "version":"1683233611603"}}
{"logTime": "0718/050739", "correlationVector":"TCY7i6e3e1Qv6nhB4wi3yU.12","action":"GetUpdates", "result":"DeleteReceived", "context":{"id":"a847bed9-9008-428b-8530-6617e0719aea", "isDeleted:":"true", "version":"1683241951905"}}
{"logTime": "0718/050739", "correlationVector":"TCY7i6e3e1Qv6nhB4wi3yU.13","action":"GetUpdates", "result":"DeleteReceived", "context":{"id":"847d59ad-01af-4ee7-acf2-1d9bca34c72c", "isDeleted:":"true", "version":"1683241951907"}}
{"logTime": "0718/050739", "correlationVector":"TCY7i6e3e1Qv6nhB4wi3yU.14","action":"GetUpdates", "result":"DeleteReceived", "context":{"id":"693fb9aa-58d2-4250-8b37-99bef3e67dfe", "isDeleted:":"true", "version":"1683242281029"}}
{"logTime": "0718/050739", "correlationVector":"TCY7i6e3e1Qv6nhB4wi3yU.15","action":"GetUpdates", "result":"DeleteReceived", "context":{"id":"5e9ba437-af5e-4c5a-9dac-f90d099da9e6", "isDeleted:":"true", "version":"1683304026474"}}
{"logTime": "0718/050739", "correlationVector":"TCY7i6e3e1Qv6nhB4wi3yU.16","action":"GetUpdates", "result":"DeleteReceived", "context":{"id":"604d0127-9208-4e12-ae7c-54488d853cc0", "isDeleted:":"true", "version":"1683304026476"}}
{"logTime": "0718/050739", "correlationVector":"TCY7i6e3e1Qv6nhB4wi3yU.17","action":"GetUpdates", "result":"DeleteReceived", "context":{"id":"47109903-28bf-446d-842d-58ad3c9aa7cd", "isDeleted:":"true", "version":"1683304267362"}}
{"logTime": "0718/050739", "correlationVector":"TCY7i6e3e1Qv6nhB4wi3yU.18","action":"GetUpdates", "result":"DeleteReceived", "context":{"id":"e3ac9ba5-3071-4297-8672-16e66f93ff49", "isDeleted:":"true", "version":"1684092504092"}}
{"logTime": "0718/050739", "correlationVector":"TCY7i6e3e1Qv6nhB4wi3yU.19","action":"GetUpdates", "result":"DeleteReceived", "context":{"id":"2121da86-e1bf-485f-853f-38bac4e46fa9", "isDeleted:":"true", "version":"1684097267078"}}
{"logTime": "0718/050739", "correlationVector":"TCY7i6e3e1Qv6nhB4wi3yU.20","action":"GetUpdates", "result":"DeleteReceived", "context":{"id":"a9dbcd72-85fb-405e-b9b9-e98dc2e0d239", "isDeleted:":"true", "version":"1684107935822"}}
{"logTime": "0718/050739", "correlationVector":"TCY7i6e3e1Qv6nhB4wi3yU.21","action":"GetUpdates", "result":"DeleteReceived", "context":{"id":"c304eea0-4ebf-43fa-b851-cb222199a112", "isDeleted:":"true", "version":"1684221899801"}}
{"logTime": "0718/050739", "correlationVector":"TCY7i6e3e1Qv6nhB4wi3yU.22","action":"GetUpdates", "result":"DeleteReceived", "context":{"id":"79f8d73e-f178-4853-bfb2-46236ef89327", "isDeleted:":"true", "version":"1684882499713"}}
{"logTime": "0718/050739", "correlationVector":"TCY7i6e3e1Qv6nhB4wi3yU.23","action":"GetUpdates", "result":"DeleteReceived", "context":{"id":"d0af817e-b6d1-478f-9f26-f2e8a2598559", "isDeleted:":"true", "version":"1684882499715"}}
{"logTime": "0718/050739", "correlationVector":"TCY7i6e3e1Qv6nhB4wi3yU.24","action":"GetUpdates", "result":"DeleteReceived", "context":{"id":"1d609132-026b-42c5-8339-c075b1414d1e", "isDeleted:":"true", "version":"1685312585521"}}
{"logTime": "0718/050739", "correlationVector":"TCY7i6e3e1Qv6nhB4wi3yU.25","action":"GetUpdates", "result":"DeleteReceived", "context":{"id":"c99cb620-5af8-4024-8cbe-1701ce012a7c", "isDeleted:":"true", "version":"1685475029733"}}
{"logTime": "0718/050739", "correlationVector":"TCY7i6e3e1Qv6nhB4wi3yU.26","action":"GetUpdates", "result":"DeleteReceived", "context":{"id":"2a5b8546-df5c-439b-8ef1-296e0ee771dc", "isDeleted:":"true", "version":"1685475029735"}}
{"logTime": "0718/050739", "correlationVector":"TCY7i6e3e1Qv6nhB4wi3yU.27","action":"GetUpdates", "result":"DeleteReceived", "context":{"id":"d1704e85-6d21-4312-b389-6dd8922566f3", "isDeleted:":"true", "version":"1686444790148"}}
{"logTime": "0718/050739", "correlationVector":"TCY7i6e3e1Qv6nhB4wi3yU.28","action":"GetUpdates", "result":"DeleteReceived", "context":{"id":"bc8b2a44-9dea-47c3-9be9-6de1a113283c", "isDeleted:":"true", "version":"1686444790149"}}
{"logTime": "0718/050739", "correlationVector":"TCY7i6e3e1Qv6nhB4wi3yU.29","action":"GetUpdates", "result":"DeleteReceived", "context":{"id":"fe25dbba-5bde-4b29-b8ac-f6a77c894c2d", "isDeleted:":"true", "version":"1686444790150"}}
{"logTime": "0718/050739", "correlationVector":"TCY7i6e3e1Qv6nhB4wi3yU.30","action":"GetUpdates", "result":"DeleteReceived", "context":{"id":"ad0d28d3-2deb-4c85-8e6f-c712dda0003e", "isDeleted:":"true", "version":"1686444790152"}}
{"logTime": "0718/050739", "correlationVector":"TCY7i6e3e1Qv6nhB4wi3yU.31","action":"GetUpdates", "result":"DeleteReceived", "context":{"id":"6ca67707-1582-462b-88d8-2355d97150ba", "isDeleted:":"true", "version":"1688925903471"}}
{"logTime": "0718/050739", "correlationVector":"TCY7i6e3e1Qv6nhB4wi3yU.32","action":"GetUpdates", "result":"DeleteReceived", "context":{"id":"b7d35a06-c0b4-42aa-a7ae-ef1dd95ab953", "isDeleted:":"true", "version":"1688926021483"}}
{"logTime": "0718/050739", "correlationVector":"TCY7i6e3e1Qv6nhB4wi3yU.33","action":"GetUpdates", "result":"DeleteReceived", "context":{"id":"ec04708d-b877-4fd8-94d8-b3df73fab339", "isDeleted:":"true", "version":"1688926021486"}}
{"logTime": "0718/050739", "correlationVector":"TCY7i6e3e1Qv6nhB4wi3yU.34","action":"GetUpdates", "result":"DeleteReceived", "context":{"id":"94ebeacc-d6ec-48ca-a19b-4d306eedf60c", "isDeleted:":"true", "version":"1689007447142"}}
{"logTime": "0718/050739", "correlationVector":"TCY7i6e3e1Qv6nhB4wi3yU.35","action":"GetUpdates", "result":"DeleteReceived", "context":{"id":"e577eef3-c9ba-485f-a79e-7d11cb71193c", "isDeleted:":"true", "version":"1689009701037"}}
{"logTime": "0718/050739", "correlationVector":"TCY7i6e3e1Qv6nhB4wi3yU.36","action":"GetUpdates", "result":"DeleteReceived", "context":{"id":"29f3100f-b6de-4700-b827-ae44e47ea21d", "isDeleted:":"true", "version":"1689099137017"}}
{"logTime": "0718/050739", "correlationVector":"TCY7i6e3e1Qv6nhB4wi3yU.37","action":"GetUpdates", "result":"DeleteReceived", "context":{"id":"4dc5ffa3-7d6d-4b8f-9d4b-f5030f4ad801", "isDeleted:":"true", "version":"1689099137019"}}
{"logTime": "0718/050739", "correlationVector":"TCY7i6e3e1Qv6nhB4wi3yU.38","action":"GetUpdates", "result":"DeleteReceived", "context":{"id":"9173d45c-f0e9-4a42-95a5-9333fb4c5d7f", "isDeleted:":"true", "version":"1689099137021"}}
{"logTime": "0718/050739", "correlationVector":"TCY7i6e3e1Qv6nhB4wi3yU.39","action":"GetUpdates", "result":"DeleteReceived", "context":{"id":"b179edee-6503-4b2d-a604-a5adc9508666", "isDeleted:":"true", "version":"1689169820642"}}
{"logTime": "0718/050739", "correlationVector":"TCY7i6e3e1Qv6nhB4wi3yU.40","action":"GetUpdates", "result":"DeleteReceived", "context":{"id":"33d20b14-dcfa-4d09-a819-0750656f14e8", "isDeleted:":"true", "version":"1689177595720"}}
{"logTime": "0718/050739", "correlationVector":"TCY7i6e3e1Qv6nhB4wi3yU.41","action":"GetUpdates", "result":"DeleteReceived", "context":{"id":"90952ce6-0ddd-4ca7-9b03-8205a5f63127", "isDeleted:":"true", "version":"1689177595721"}}
{"logTime": "0718/050739", "correlationVector":"TCY7i6e3e1Qv6nhB4wi3yU.42","action":"GetUpdates", "result":"DeleteReceived", "context":{"id":"00810508-29c9-4934-8beb-3f6b503b08cb", "isDeleted:":"true", "version":"1689177595722"}}
{"logTime": "0718/050739", "correlationVector":"TCY7i6e3e1Qv6nhB4wi3yU.43","action":"GetUpdates", "result":"DeleteReceived", "context":{"id":"1bc3608e-9b0f-40e5-9ac0-ff6cc9d9b577", "isDeleted:":"true", "version":"1689177595724"}}
{"logTime": "0718/050739", "correlationVector":"TCY7i6e3e1Qv6nhB4wi3yU.44","action":"GetUpdates", "result":"DeleteReceived", "context":{"id":"30f1fac7-b207-4316-b1ec-b88f1a8a66db", "isDeleted:":"true", "version":"1689182467589"}}
{"logTime": "0718/050739", "correlationVector":"TCY7i6e3e1Qv6nhB4wi3yU.45","action":"GetUpdates", "result":"DeleteReceived", "context":{"id":"7d77ec40-8f0c-45b1-8798-20d1c0c54c74", "isDeleted:":"true", "version":"1689186278267"}}
{"logTime": "0718/050739", "correlationVector":"TCY7i6e3e1Qv6nhB4wi3yU.46","action":"GetUpdates", "result":"DeleteReceived", "context":{"id":"d5b6c12d-5a06-4125-b170-654c7cbddbc8", "isDeleted:":"true", "version":"1689269830414"}}
{"logTime": "0718/050739", "correlationVector":"TCY7i6e3e1Qv6nhB4wi3yU.47","action":"GetUpdates", "result":"DeleteReceived", "context":{"id":"8e302c07-9c6f-4199-941d-bbacad3ddca4", "isDeleted:":"true", "version":"1689269830415"}}
{"logTime": "0718/050739", "correlationVector":"TCY7i6e3e1Qv6nhB4wi3yU.48","action":"GetUpdates", "result":"DeleteReceived", "context":{"id":"96e61928-0acf-4ce0-b9a2-b19bd59251eb", "isDeleted:":"true", "version":"1689269830416"}}
{"logTime": "0718/050739", "correlationVector":"TCY7i6e3e1Qv6nhB4wi3yU.49","action":"GetUpdates", "result":"DeleteReceived", "context":{"id":"4acdf8da-ca11-467b-9369-7d60bb68892c", "isDeleted:":"true", "version":"1689413584937"}}
{"logTime": "0718/050739", "correlationVector":"TCY7i6e3e1Qv6nhB4wi3yU.50","action":"GetUpdates", "result":"DeleteReceived", "context":{"id":"84c227a3-9508-4876-9663-0603d9ee21a3", "isDeleted:":"true", "version":"1689415721922"}}
{"logTime": "0718/050739", "correlationVector":"TCY7i6e3e1Qv6nhB4wi3yU.51","action":"GetUpdates", "result":"DeleteReceived", "context":{"id":"c8310db5-2ca2-4a38-98f1-6b4223af1d07", "isDeleted:":"true", "version":"1689415721925"}}
{"logTime": "0718/050739", "correlationVector":"TCY7i6e3e1Qv6nhB4wi3yU.52","action":"GetUpdates", "result":"DeleteReceived", "context":{"id":"cfaaa18d-3c7a-426f-82b8-be5899691297", "isDeleted:":"true", "version":"1689415752216"}}
{"logTime": "0718/050739", "correlationVector":"TCY7i6e3e1Qv6nhB4wi3yU.53","action":"GetUpdates", "result":"DeleteReceived", "context":{"id":"929b86ff-518c-4b64-a713-2ec40d3af52e", "isDeleted:":"true", "version":"1689415851054"}}
{"logTime": "0718/050739", "correlationVector":"TCY7i6e3e1Qv6nhB4wi3yU.54","action":"GetUpdates", "result":"DeleteReceived", "context":{"id":"ddd7c162-5ede-4cb2-995b-340f6466a4fa", "isDeleted:":"true", "version":"1689417992982"}}
{"logTime": "0718/050739", "correlationVector":"TCY7i6e3e1Qv6nhB4wi3yU.55","action":"GetUpdates", "result":"DeleteReceived", "context":{"id":"e81f9c9a-492a-4ccf-b190-fc2b48b8cdb9", "isDeleted:":"true", "version":"1689417992984"}}
{"logTime": "0718/050739", "correlationVector":"TCY7i6e3e1Qv6nhB4wi3yU.56","action":"GetUpdates", "result":"DeleteReceived", "context":{"id":"9b67f57b-3133-4bad-b0bb-029952ff09fd", "isDeleted:":"true", "version":"1689418193817"}}
{"logTime": "0718/050739", "correlationVector":"TCY7i6e3e1Qv6nhB4wi3yU.57","action":"GetUpdates", "result":"DeleteReceived", "context":{"id":"bcef9bf7-b55e-4143-900c-6bf0a6a3389c", "isDeleted:":"true", "version":"1689519352121"}}
{"logTime": "0718/050739", "correlationVector":"TCY7i6e3e1Qv6nhB4wi3yU.58","action":"GetUpdates", "result":"DeleteReceived", "context":{"id":"c0b22b3b-c803-4084-8e6e-db848db6f67a", "isDeleted:":"true", "version":"1689519352123"}}
{"logTime": "0718/050739", "correlationVector":"TCY7i6e3e1Qv6nhB4wi3yU.59","action":"GetUpdates", "result":"DeleteReceived", "context":{"id":"b6f4fbac-47c6-444c-96fb-70107e5b4228", "isDeleted:":"true", "version":"1689523678862"}}
{"logTime": "0718/050739", "correlationVector":"TCY7i6e3e1Qv6nhB4wi3yU.60","action":"GetUpdates", "result":"DeleteReceived", "context":{"id":"3b358818-a3cb-4d3b-8b06-b6f57244c881", "isDeleted:":"true", "version":"1689525823871"}}
{"logTime": "0718/050739", "correlationVector":"TCY7i6e3e1Qv6nhB4wi3yU.61","action":"GetUpdates", "result":"DeleteReceived", "context":{"id":"abe45109-6670-4875-b0fb-e4a0b5c55f5c", "isDeleted:":"true", "version":"1689526332900"}}
{"logTime": "0718/050739", "correlationVector":"TCY7i6e3e1Qv6nhB4wi3yU.62","action":"GetUpdates", "result":"DeleteReceived", "context":{"id":"e881c275-7e19-4bd4-ab46-4882c8be256a", "isDeleted:":"true", "version":"1689534313916"}}
{"logTime": "0718/050739", "correlationVector":"TCY7i6e3e1Qv6nhB4wi3yU.63","action":"GetUpdates", "result":"DeleteReceived", "context":{"id":"6255f9dd-4b83-49ce-b09d-41cc39e6cfb0", "isDeleted:":"true", "version":"1689534313917"}}
{"logTime": "0718/050739", "correlationVector":"TCY7i6e3e1Qv6nhB4wi3yU.64","action":"GetUpdates", "result":"DeleteReceived", "context":{"id":"a2c83455-1e46-42da-acd8-bbf4fb92c1d5", "isDeleted:":"true", "version":"1689539394597"}}
{"logTime": "0718/050739", "correlationVector":"TCY7i6e3e1Qv6nhB4wi3yU.65","action":"GetUpdates", "result":"DeleteReceived", "context":{"id":"754b5caa-b247-4487-931a-3658a3616689", "isDeleted:":"true", "version":"1689539394598"}}
{"logTime": "0718/050739", "correlationVector":"TCY7i6e3e1Qv6nhB4wi3yU.66","action":"GetUpdates", "result":"DeleteReceived", "context":{"id":"e2a9e0ac-d6aa-481d-9e90-b5b735b9a90e", "isDeleted:":"true", "version":"1689539394601"}}
{"logTime": "0718/050739", "correlationVector":"TCY7i6e3e1Qv6nhB4wi3yU.67","action":"GetUpdates", "result":"DeleteReceived", "context":{"id":"d30c4df7-36e1-4c8e-b6d0-ddff981e308c", "isDeleted:":"true", "version":"1689543922095"}}
{"logTime": "0718/050739", "correlationVector":"TCY7i6e3e1Qv6nhB4wi3yU.68","action":"GetUpdates", "result":"DeleteReceived", "context":{"id":"61e9618a-cacf-4966-a93b-845230b35c22", "isDeleted:":"true", "version":"1689607945163"}}
{"logTime": "0718/050739", "correlationVector":"TCY7i6e3e1Qv6nhB4wi3yU.69","action":"GetUpdates", "result":"DeleteReceived", "context":{"id":"75fd5136-3c29-4c24-b348-d310673fa165", "isDeleted:":"true", "version":"1689607945164"}}
{"logTime": "0718/050739", "correlationVector":"TCY7i6e3e1Qv6nhB4wi3yU.70","action":"GetUpdates", "result":"DeleteReceived", "context":{"id":"8d83dc88-3cb0-41d5-b80e-ae761f1d339b", "isDeleted:":"true", "version":"1689607945166"}}
{"logTime": "0718/050739", "correlationVector":"TCY7i6e3e1Qv6nhB4wi3yU.71","action":"GetUpdates", "result":"DeleteReceived", "context":{"id":"e68c204c-928f-46ad-9e3e-fe2bbfa4d78b", "isDeleted:":"true", "version":"1689607945167"}}
{"logTime": "0718/050739", "correlationVector":"TCY7i6e3e1Qv6nhB4wi3yU.72","action":"GetUpdates", "result":"DeleteReceived", "context":{"id":"8c693cca-c085-45ca-aa85-662d7b9d3306", "isDeleted:":"true", "version":"1689629563021"}}
{"logTime": "0718/050739", "correlationVector":"TCY7i6e3e1Qv6nhB4wi3yU.73","action":"GetUpdates", "result":"DeleteReceived", "context":{"id":"24007f5e-1ba8-4604-a3c6-197e6366fc79", "isDeleted:":"true", "version":"1689654228979"}}
{"logTime": "0718/050739", "correlationVector":"TCY7i6e3e1Qv6nhB4wi3yU.74","action":"GetUpdates Response", "result":"SYNCER_OK", "context":Received 159 update(s). cV=TCY7i6e3e1Qv6nhB4wi3yU.0;server=GENERAL0100002Q;cloudType=Consumer;environment=Prod_WestEurope_x00e;migrationStage=NotStarted}
{"logTime": "0718/050739", "correlationVector":"hL75ZIBW7pvxt29lz2CI/q","action":"Normal GetUpdate request", "result":"", "context":cV=hL75ZIBW7pvxt29lz2CI/q
Nudged types: Bookmarks, Preferences, Sessions, Device Info
Refresh requested types: Bookmarks, Preferences, Passwords, Autofill Profiles, Autofill, Autofill Custom Data, Typed URLs, Extensions, Sessions, Extension settings, History Delete Directives, Device Info, User Consents, Send Tab To Self, Web Apps, Collection, Edge E Drop, Encryption Keys}
{"logTime": "0718/050739", "correlationVector":"hL75ZIBW7pvxt29lz2CI/q.1","action":"SyncServerConnectionManagerRequest", "result":"SYNC_SERVER_OK", "context":{"environment":"Prod_WestEurope_x00e", "migrationStage":"NotStarted", "server":"GENERAL0100002Q"}}
{"logTime": "0718/050739", "correlationVector":"hL75ZIBW7pvxt29lz2CI/q.2","action":"GetUpdates Response", "result":"SYNCER_OK", "context":Received 0 update(s). cV=hL75ZIBW7pvxt29lz2CI/q.0;server=GENERAL0100002Q;cloudType=Consumer;environment=Prod_WestEurope_x00e;migrationStage=NotStarted}
{"logTime": "0718/050739", "correlationVector":"Np39uAmZmiik0FISDjNAbe","action":"Commit Request", "result":"", "context":Item count: 1
Contributing types: Device Info}
{"logTime": "0718/050739", "correlationVector":"Np39uAmZmiik0FISDjNAbe.1","action":"SyncServerConnectionManagerRequest", "result":"SYNC_SERVER_OK", "context":{"environment":"Prod_WestEurope_x00e", "migrationStage":"NotStarted", "server":"GENERAL01000016"}}
{"logTime": "0718/050739", "correlationVector":"Np39uAmZmiik0FISDjNAbe.2","action":"Commit Response", "result":"SYNCER_OK", "context":Result: SYNCER_OK. cV=Np39uAmZmiik0FISDjNAbe.0;server=GENERAL01000016;cloudType=Consumer;environment=Prod_WestEurope_x00e;migrationStage=NotStarted}
{"logTime": "0718/050739", "correlationVector":"Qe6XFT3dbW7BU0MehxplCE","action":"Commit Request", "result":"", "context":Item count: 12
Contributing types: Bookmarks, Preferences, Sessions}
{"logTime": "0718/050740", "correlationVector":"Qe6XFT3dbW7BU0MehxplCE.1","action":"SyncServerConnectionManagerRequest", "result":"SYNC_SERVER_OK", "context":{"environment":"Prod_WestEurope_x00e", "migrationStage":"NotStarted", "server":"general01000019"}}
{"logTime": "0718/050740", "correlationVector":"Qe6XFT3dbW7BU0MehxplCE.2","action":"Commit Response", "result":"SYNCER_OK", "context":Result: SYNCER_OK. cV=Qe6XFT3dbW7BU0MehxplCE.0;server=general01000019;cloudType=Consumer;environment=Prod_WestEurope_x00e;migrationStage=NotStarted}
{"logTime": "0718/050754", "correlationVector":"Xts62T+wul1Cg17vslpjhS","action":"Commit Request", "result":"", "context":Item count: 9
Contributing types: Passwords}
{"logTime": "0718/050755", "correlationVector":"Xts62T+wul1Cg17vslpjhS.1","action":"SyncServerConnectionManagerRequest", "result":"SYNC_SERVER_OK", "context":{"environment":"Prod_WestEurope_x00e", "migrationStage":"NotStarted", "server":"GENERAL0100002F"}}
{"logTime": "0718/050755", "correlationVector":"Xts62T+wul1Cg17vslpjhS.2","action":"Commit Response", "result":"SYNCER_OK", "context":Result: SYNCER_OK. cV=Xts62T+wul1Cg17vslpjhS.0;server=GENERAL0100002F;cloudType=Consumer;environment=Prod_WestEurope_x00e;migrationStage=NotStarted}
